unifont fonts/unifont.ttf
arialuni fonts/arialuni.ttf
#sc fonts/ARIALUNI.TTF
#scb fonts/ARIALUNI.TTF
#sc fonts/Everson-Mono.ttf
#scb fonts/Everson-Mono.ttf
#sc fonts/TITUSCBZ.TTF
#scb fonts/TITUSCBZ.TTF
sc fonts/DejaVuSansCondensed.ttf
scb fonts/DejaVuSansCondensed-Bold.ttf
khmer fonts/KhmerOS.ttf
jp fonts/ipag.ttf
#sc fonts/Cyberbit.ttf
#scb fonts/Cyberbit.ttf

# for symbols/POI names:
NotoSansUIBold fonts/NotoSansUI-Bold.ttf
NotoSansUIRegular fonts/NotoSansUI-Regular.ttf
NotoSansSymbolsRegular fonts/NotoSansSymbols-Regular.ttf
NotoEmojiRegular fonts/NotoEmoji-Regular.ttf
DejaVuSansBook fonts/DejaVuSans.ttf
